<?xml version="1.0" encoding="UTF-8"?>
<!-- Generated by org.testng.reporters.JUnitReportReporter -->
<testsuite hostname="LAPTOP-5KMFOFH9" failures="0" tests="2" name="com.SwagLabs.TestCases.OrdersummaryPageTest" time="0.129" errors="0" timestamp="2023-05-04T21:25:39 IST" skipped="0">
  <testcase classname="com.SwagLabs.TestCases.OrdersummaryPageTest" name="verifySummary" time="0.048"/>
  <system-out/>
  <testcase classname="com.SwagLabs.TestCases.OrdersummaryPageTest" name="verifyOrder" time="0.081"/>
  <system-out/>
</testsuite> <!-- com.SwagLabs.TestCases.OrdersummaryPageTest -->
