<?xml version="1.0" encoding="UTF-8"?>
<!-- Generated by org.testng.reporters.JUnitReportReporter -->
<testsuite hostname="LAPTOP-5KMFOFH9" failures="0" tests="2" name="com.SwagLabs.TestCases.AddToCartPageTest" time="0.127" errors="0" timestamp="2023-04-25T21:37:07 IST" skipped="0">
  <testcase classname="com.SwagLabs.TestCases.AddToCartPageTest" name="OpenAddToCartPage" time="0.062"/>
  <system-out/>
  <testcase classname="com.SwagLabs.TestCases.AddToCartPageTest" name="verifyVhaeckoutPage" time="0.065"/>
  <system-out/>
</testsuite> <!-- com.SwagLabs.TestCases.AddToCartPageTest -->
