<?xml version="1.0" encoding="UTF-8"?>
<!-- Generated by org.testng.reporters.JUnitReportReporter -->
<testsuite hostname="LAPTOP-5KMFOFH9" failures="0" tests="1" name="com.SwagLabs.TestCases.ChekOutPageTest" time="0.432" errors="0" timestamp="2023-04-26T20:16:07 IST" skipped="0">
  <testcase classname="com.SwagLabs.TestCases.ChekOutPageTest" name="verifyCheckout" time="0.432"/>
  <system-out/>
</testsuite> <!-- com.SwagLabs.TestCases.ChekOutPageTest -->
